<?xml version="1.0" encoding="UTF-8"?>
<!-- Generated by org.testng.reporters.JUnitXMLReporter -->
<testsuite hostname="D1ML21558" ignored="0" name="Add Student" tests="2" failures="1" timestamp="03 Apr 2018 12:49:54 GMT" time="49.222" errors="0">
  <testcase name="addStudentDetailsTest" time="15.638" classname="com.hstm.assignment.flux1.testcases.AddStudentTest">
    <failure type="java.io.FileNotFoundException" message="D:\javaworkspace\HstmAssignmentFramework\src\main\java\com\hstm\assignment\testdata\StudentData.xlsx (The system cannot find the file specified)">
      <![CDATA[java.io.FileNotFoundException: D:\javaworkspace\HstmAssignmentFramework\src\main\java\com\hstm\assignment\testdata\StudentData.xlsx (The system cannot find the file specified)
at java.io.FileInputStream.open0(Native Method)
at java.io.FileInputStream.open(Unknown Source)
at java.io.FileInputStream.<init>(Unknown Source)
at java.io.FileInputStream.<init>(Unknown Source)
at com.hstm.assignment.util.FrameworkUtil.WriteStudentDataToExcel(FrameworkUtil.java:85)
at com.hstm.assignment.flux1.AddStudent.storeAllStudentData(AddStudent.java:87)
at com.hstm.assignment.flux1.testcases.AddStudentTest.addStudentDetailsTest(AddStudentTest.java:49)
... Removed 25 stack frames]]>
    </failure>
  </testcase> <!-- addStudentDetailsTest -->
  <testcase name="successfulStdntAddingTest" time="0.091" classname="com.hstm.assignment.flux1.testcases.AddStudentTest"/>
</testsuite> <!-- Add Student -->
