<?xml version="1.0" encoding="UTF-8"?>
<!-- Generated by org.testng.reporters.JUnitXMLReporter -->
<testsuite hostname="D1ML21558" ignored="0" name="Add Student" tests="2" failures="0" timestamp="10 Apr 2018 14:17:17 GMT" time="53.696" errors="0">
  <testcase name="addStudentDetailsTest" time="13.296" classname="com.hstm.assignment.flux1.testcases.AddStudentTest"/>
  <testcase name="successfulStdntAddingTest" time="0.093" classname="com.hstm.assignment.flux1.testcases.AddStudentTest"/>
</testsuite> <!-- Add Student -->
