<?xml version="1.0" encoding="UTF-8"?>
<!-- Generated by org.testng.reporters.JUnitXMLReporter -->
<testsuite hostname="D1ML21558" ignored="0" name="Add Assignment" tests="2" failures="0" timestamp="03 Apr 2018 12:52:49 GMT" time="41.576" errors="0">
  <testcase name="@BeforeClass initialSetUp" time="40.309" classname="com.hstm.assignment.flux1.testcases.AddAssignmentTest">
    <failure type="java.io.FileNotFoundException" message="D:\javaworkspace\HstmAssignmentFramework\src\main\java\com\hstm\assignment\testdata\StudentData.xlsx (The system cannot find the file specified)">
      <![CDATA[java.io.FileNotFoundException: D:\javaworkspace\HstmAssignmentFramework\src\main\java\com\hstm\assignment\testdata\StudentData.xlsx (The system cannot find the file specified)
at java.io.FileInputStream.open0(Native Method)
at java.io.FileInputStream.open(Unknown Source)
at java.io.FileInputStream.<init>(Unknown Source)
at java.io.FileInputStream.<init>(Unknown Source)
at com.hstm.assignment.util.FrameworkUtil.ReadStudentDataFromExcel(FrameworkUtil.java:119)
at com.hstm.assignment.flux1.ManageStudentPage.validateUserLabel(ManageStudentPage.java:52)
at com.hstm.assignment.flux1.testcases.AddAssignmentTest.initialSetUp(AddAssignmentTest.java:46)
... Removed 26 stack frames]]>
    </failure>
  </testcase> <!-- @BeforeClass initialSetUp -->
  <testcase name="@AfterClass closeBrowser" time="0.0" classname="com.hstm.assignment.flux1.testcases.AddAssignmentTest">
    <skipped/>
  </testcase> <!-- @AfterClass closeBrowser -->
  <testcase name="addAssignmentTest" time="0.0" classname="com.hstm.assignment.flux1.testcases.AddAssignmentTest">
    <skipped/>
  </testcase> <!-- addAssignmentTest -->
  <testcase name="validateSuccessfulMessageTest" time="0.0" classname="com.hstm.assignment.flux1.testcases.AddAssignmentTest">
    <skipped/>
  </testcase> <!-- validateSuccessfulMessageTest -->
</testsuite> <!-- Add Assignment -->
