<?xml version="1.0" encoding="UTF-8"?>
<!-- Generated by org.testng.reporters.JUnitXMLReporter -->
<testsuite hostname="D1ML21558" ignored="0" name="Add Course" tests="2" failures="1" timestamp="03 Apr 2018 12:52:07 GMT" time="90.16" errors="0">
  <testcase name="addCourseDetailTest" time="49.855" classname="com.hstm.assignment.flux1.testcases.AddCourseTest">
    <failure type="java.io.FileNotFoundException" message="D:\javaworkspace\HstmAssignmentFramework\src\main\java\com\hstm\assignment\testdata\CourseData.xlsx (The system cannot find the file specified)">
      <![CDATA[java.io.FileNotFoundException: D:\javaworkspace\HstmAssignmentFramework\src\main\java\com\hstm\assignment\testdata\CourseData.xlsx (The system cannot find the file specified)
at java.io.FileInputStream.open0(Native Method)
at java.io.FileInputStream.open(Unknown Source)
at java.io.FileInputStream.<init>(Unknown Source)
at java.io.FileInputStream.<init>(Unknown Source)
at com.hstm.assignment.util.FrameworkUtil.WriteCourseDatatoExcel(FrameworkUtil.java:103)
at com.hstm.assignment.flux1.AddCourse.storeCourseData(AddCourse.java:103)
at com.hstm.assignment.flux1.testcases.AddCourseTest.addCourseDetailTest(AddCourseTest.java:50)
... Removed 25 stack frames]]>
    </failure>
  </testcase> <!-- addCourseDetailTest -->
  <testcase name="successfulCrsAddingTest" time="0.058" classname="com.hstm.assignment.flux1.testcases.AddCourseTest"/>
</testsuite> <!-- Add Course -->
