<?xml version="1.0" encoding="UTF-8"?>
<!-- Generated by org.testng.reporters.JUnitXMLReporter -->
<testsuite hostname="D1ML21558" ignored="0" name="Home Page" tests="11" failures="0" timestamp="10 Apr 2018 14:15:36 GMT" time="122.983" errors="0">
  <testcase name="homePageTitleTest" time="0.032" classname="com.hstm.assignment.flux1.testcases.AdminHomePageTest"/>
  <testcase name="adminPageLabelTest" time="0.057" classname="com.hstm.assignment.flux1.testcases.AdminHomePageTest"/>
  <testcase name="clickPeopleTabTest" time="25.01" classname="com.hstm.assignment.flux1.testcases.AdminHomePageTest"/>
  <testcase name="clickCoursesTabTest" time="6.108" classname="com.hstm.assignment.flux1.testcases.AdminHomePageTest"/>
  <testcase name="clickSimulationTabTest" time="11.774" classname="com.hstm.assignment.flux1.testcases.AdminHomePageTest"/>
  <testcase name="clickAssessmentsTest" time="14.396" classname="com.hstm.assignment.flux1.testcases.AdminHomePageTest"/>
  <testcase name="clickEducationTest" time="4.925" classname="com.hstm.assignment.flux1.testcases.AdminHomePageTest"/>
  <testcase name="clickReportsTest" time="5.553" classname="com.hstm.assignment.flux1.testcases.AdminHomePageTest"/>
  <testcase name="clickToolsTest" time="1.185" classname="com.hstm.assignment.flux1.testcases.AdminHomePageTest"/>
  <testcase name="clickServicesTest" time="2.858" classname="com.hstm.assignment.flux1.testcases.AdminHomePageTest"/>
  <testcase name="clickMyProfileTest" time="3.569" classname="com.hstm.assignment.flux1.testcases.AdminHomePageTest"/>
</testsuite> <!-- Home Page -->
