<?xml version="1.0" encoding="UTF-8"?>
<!-- Generated by org.testng.reporters.JUnitXMLReporter -->
<testsuite hostname="D1ML21558" ignored="0" name="Home Page" tests="11" failures="0" timestamp="03 Apr 2018 12:48:30 GMT" time="53.832" errors="0">
  <testcase name="homePageTitleTest" time="0.015" classname="com.hstm.assignment.flux1.testcases.AdminHomePageTest"/>
  <testcase name="adminPageLabelTest" time="10.897" classname="com.hstm.assignment.flux1.testcases.AdminHomePageTest"/>
  <testcase name="clickPeopleTabTest" time="4.599" classname="com.hstm.assignment.flux1.testcases.AdminHomePageTest"/>
  <testcase name="clickCoursesTabTest" time="4.057" classname="com.hstm.assignment.flux1.testcases.AdminHomePageTest"/>
  <testcase name="clickSimulationTabTest" time="1.406" classname="com.hstm.assignment.flux1.testcases.AdminHomePageTest"/>
  <testcase name="clickAssessmentsTest" time="1.337" classname="com.hstm.assignment.flux1.testcases.AdminHomePageTest"/>
  <testcase name="clickEducationTest" time="1.43" classname="com.hstm.assignment.flux1.testcases.AdminHomePageTest"/>
  <testcase name="clickReportsTest" time="2.496" classname="com.hstm.assignment.flux1.testcases.AdminHomePageTest"/>
  <testcase name="clickToolsTest" time="1.336" classname="com.hstm.assignment.flux1.testcases.AdminHomePageTest"/>
  <testcase name="clickServicesTest" time="1.897" classname="com.hstm.assignment.flux1.testcases.AdminHomePageTest"/>
  <testcase name="clickMyProfileTest" time="1.22" classname="com.hstm.assignment.flux1.testcases.AdminHomePageTest"/>
</testsuite> <!-- Home Page -->
