<?xml version="1.0" encoding="UTF-8"?>
<!-- Generated by org.testng.reporters.JUnitXMLReporter -->
<testsuite hostname="D1ML21558" ignored="0" name="Search Student" tests="1" failures="1" timestamp="03 Apr 2018 12:50:37 GMT" time="43.361" errors="0">
  <testcase name="validateUserLabelTest" time="0.234" classname="com.hstm.assignment.flux1.testcases.ManageStudentPageTest">
    <failure type="java.io.FileNotFoundException" message="D:\javaworkspace\HstmAssignmentFramework\src\main\java\com\hstm\assignment\testdata\StudentData.xlsx (The system cannot find the file specified)">
      <![CDATA[java.io.FileNotFoundException: D:\javaworkspace\HstmAssignmentFramework\src\main\java\com\hstm\assignment\testdata\StudentData.xlsx (The system cannot find the file specified)
at java.io.FileInputStream.open0(Native Method)
at java.io.FileInputStream.open(Unknown Source)
at java.io.FileInputStream.<init>(Unknown Source)
at java.io.FileInputStream.<init>(Unknown Source)
at com.hstm.assignment.util.FrameworkUtil.ReadStudentDataFromExcel(FrameworkUtil.java:119)
at com.hstm.assignment.flux1.ManageStudentPage.validateUserLabel(ManageStudentPage.java:52)
at com.hstm.assignment.flux1.testcases.ManageStudentPageTest.validateUserLabelTest(ManageStudentPageTest.java:48)
... Removed 25 stack frames]]>
    </failure>
  </testcase> <!-- validateUserLabelTest -->
</testsuite> <!-- Search Student -->
