<?xml version="1.0" encoding="UTF-8"?>
<!-- Generated by org.testng.reporters.JUnitXMLReporter -->
<testsuite hostname="D1ML21558" ignored="0" name="Search Acme Affiliation" tests="2" failures="0" timestamp="03 Apr 2018 12:49:05 GMT" time="34.732" errors="0">
  <testcase name="searchAffiliationTest" time="18.439" classname="com.hstm.assignment.flux1.testcases.SearchAffiliationPageTest"/>
  <testcase name="affiliationNameLabelTest" time="0.072" classname="com.hstm.assignment.flux1.testcases.SearchAffiliationPageTest"/>
</testsuite> <!-- Search Acme Affiliation -->
