<?xml version="1.0" encoding="UTF-8"?>
<!-- Generated by org.testng.reporters.JUnitXMLReporter -->
<testsuite hostname="D1ML21558" ignored="0" name="Search Acme Affiliation" tests="2" failures="0" timestamp="10 Apr 2018 14:16:23 GMT" time="46.569" errors="0">
  <testcase name="searchAffiliationTest" time="23.586" classname="com.hstm.assignment.flux1.testcases.SearchAffiliationPageTest"/>
  <testcase name="affiliationNameLabelTest" time="0.119" classname="com.hstm.assignment.flux1.testcases.SearchAffiliationPageTest"/>
</testsuite> <!-- Search Acme Affiliation -->
