<?xml version="1.0" encoding="UTF-8"?>
<!-- Generated by org.testng.reporters.JUnitXMLReporter -->
<testsuite hostname="D1ML21558" ignored="0" name="Add course" tests="2" failures="0" timestamp="26 Mar 2018 07:01:38 GMT" time="43.94" errors="0">
  <testcase name="addCourseDetailTest" time="22.495" classname="com.hstm.assignment.flux1.testcases.AddCourseTest"/>
  <testcase name="successfulCrsAddingTest" time="0.103" classname="com.hstm.assignment.flux1.testcases.AddCourseTest"/>
</testsuite> <!-- Add course -->
