<?xml version="1.0" encoding="UTF-8"?>
<!-- Generated by org.testng.reporters.JUnitXMLReporter -->
<testsuite hostname="D1ML21558" ignored="0" name="Add Assignment" tests="2" failures="0" timestamp="31 Mar 2018 13:51:48 GMT" time="64.085" errors="0">
  <testcase name="addAssignmentTest" time="13.928" classname="com.hstm.assignment.flux1.testcases.AddAssignmentTest"/>
  <testcase name="validateSuccessfulMessageTest" time="0.068" classname="com.hstm.assignment.flux1.testcases.AddAssignmentTest"/>
</testsuite> <!-- Add Assignment -->
