<?xml version="1.0" encoding="UTF-8"?>
<!-- Generated by org.testng.reporters.JUnitXMLReporter -->
<testsuite hostname="D1ML21558" ignored="0" name="Add Course" tests="2" failures="0" timestamp="28 Mar 2018 06:53:02 GMT" time="79.018" errors="0">
  <testcase name="addCourseDetailTest" time="58.757" classname="com.hstm.assignment.flux1.testcases.AddCourseTest"/>
  <testcase name="successfulCrsAddingTest" time="0.049" classname="com.hstm.assignment.flux1.testcases.AddCourseTest"/>
</testsuite> <!-- Add Course -->
