<?xml version="1.0" encoding="UTF-8"?>
<!-- Generated by org.testng.reporters.JUnitXMLReporter -->
<testsuite hostname="D1ML21558" ignored="0" name="Test" tests="3" failures="2" timestamp="31 Mar 2018 13:34:54 GMT" time="23.735" errors="0">
  <testcase name="loginPageTitleTest" time="0.026" classname="com.hstm.assignment.flux1.testcases.AdminLoginPageTest">
    <failure type="java.lang.AssertionError" message="Welcome to HealthStream expected:&amp;lt;Welcome to HealthStream&amp;gt; but was:&amp;lt;Actual Title is not matching with expected Title&amp;gt;">
      <![CDATA[java.lang.AssertionError: Welcome to HealthStream expected:<Welcome to HealthStream> but was:<Actual Title is not matching with expected Title>
at com.hstm.assignment.flux1.testcases.AdminLoginPageTest.loginPageTitleTest(AdminLoginPageTest.java:41)
... Removed 29 stack frames]]>
    </failure>
  </testcase> <!-- loginPageTitleTest -->
  <testcase name="hstmLogoTest" time="0.146" classname="com.hstm.assignment.flux1.testcases.AdminLoginPageTest"/>
  <testcase name="loginTest" time="10.975" classname="com.hstm.assignment.flux1.testcases.AdminLoginPageTest">
    <failure type="java.lang.AssertionError" message="Site Map expected:&amp;lt;Site Map&amp;gt; but was:&amp;lt;Title is not Matching!&amp;gt;">
      <![CDATA[java.lang.AssertionError: Site Map expected:<Site Map> but was:<Title is not Matching!>
at com.hstm.assignment.flux1.testcases.AdminLoginPageTest.loginTest(AdminLoginPageTest.java:56)
... Removed 29 stack frames]]>
    </failure>
  </testcase> <!-- loginTest -->
</testsuite> <!-- Test -->
