<?xml version="1.0" encoding="UTF-8"?>
<!-- Generated by org.testng.reporters.JUnitXMLReporter -->
<testsuite hostname="D1ML21558" ignored="0" name="Add Student" tests="2" failures="0" timestamp="28 Mar 2018 08:22:21 GMT" time="35.351" errors="0">
  <testcase name="addStudentDetailsTest" time="12.6" classname="com.hstm.assignment.flux1.testcases.AddStudentTest"/>
  <testcase name="successfulStdntAddingTest" time="0.056" classname="com.hstm.assignment.flux1.testcases.AddStudentTest"/>
</testsuite> <!-- Add Student -->
