<?xml version="1.0" encoding="UTF-8"?>
<!-- Generated by org.testng.reporters.JUnitXMLReporter -->
<testsuite hostname="D1ML21558" ignored="0" name="Add Assignment" tests="2" failures="0" timestamp="28 Mar 2018 06:53:40 GMT" time="38.133" errors="0">
  <testcase name="addAssignmentTest" time="10.27" classname="com.hstm.assignment.flux1.testcases.AddAssignmentTest"/>
  <testcase name="validateSuccessfulMessageTest" time="0.051" classname="com.hstm.assignment.flux1.testcases.AddAssignmentTest"/>
</testsuite> <!-- Add Assignment -->
