<?xml version="1.0" encoding="UTF-8"?>
<!-- Generated by org.testng.reporters.JUnitXMLReporter -->
<testsuite hostname="D1ML21558" ignored="0" name="Add Student" tests="2" failures="0" timestamp="28 Mar 2018 06:51:13 GMT" time="33.539" errors="0">
  <testcase name="addStudentDetailsTest" time="9.632" classname="com.hstm.assignment.flux1.testcases.AddStudentTest"/>
  <testcase name="successfulStdntAddingTest" time="0.062" classname="com.hstm.assignment.flux1.testcases.AddStudentTest"/>
</testsuite> <!-- Add Student -->
