<?xml version="1.0" encoding="UTF-8"?>
<testng-results skipped="0" failed="0" ignored="0" total="3" passed="3">
  <reporter-output>
  </reporter-output>
  <suite name="Default suite" duration-ms="32134" started-at="2018-04-02T10:18:13Z" finished-at="2018-04-02T10:18:45Z">
    <groups>
    </groups>
    <test name="Default test" duration-ms="32134" started-at="2018-04-02T10:18:13Z" finished-at="2018-04-02T10:18:45Z">
      <class name="com.hstm.assignment.flux1.testcases.AdminLoginPageTest">
        <test-method status="PASS" signature="initialSetUp()[pri:0, instance:com.hstm.assignment.flux1.testcases.AdminLoginPageTest@7f416310]" name="initialSetUp" is-config="true" duration-ms="16023" started-at="2018-04-02T10:18:13Z" finished-at="2018-04-02T10:18:29Z">
          <reporter-output>
          </reporter-output>
        </test-method> <!-- initialSetUp -->
        <test-method status="PASS" signature="loginPageTitleTest()[pri:1, instance:com.hstm.assignment.flux1.testcases.AdminLoginPageTest@7f416310]" name="loginPageTitleTest" duration-ms="22" started-at="2018-04-02T10:18:29Z" finished-at="2018-04-02T10:18:29Z">
          <reporter-output>
          </reporter-output>
        </test-method> <!-- loginPageTitleTest -->
        <test-method status="PASS" signature="hstmLogoTest()[pri:2, instance:com.hstm.assignment.flux1.testcases.AdminLoginPageTest@7f416310]" name="hstmLogoTest" duration-ms="58" started-at="2018-04-02T10:18:29Z" finished-at="2018-04-02T10:18:29Z">
          <reporter-output>
          </reporter-output>
        </test-method> <!-- hstmLogoTest -->
        <test-method status="PASS" signature="loginTest()[pri:3, instance:com.hstm.assignment.flux1.testcases.AdminLoginPageTest@7f416310]" name="loginTest" duration-ms="15121" started-at="2018-04-02T10:18:29Z" finished-at="2018-04-02T10:18:44Z">
          <reporter-output>
          </reporter-output>
        </test-method> <!-- loginTest -->
        <test-method status="PASS" signature="closeBrowser()[pri:0, instance:com.hstm.assignment.flux1.testcases.AdminLoginPageTest@7f416310]" name="closeBrowser" is-config="true" duration-ms="873" started-at="2018-04-02T10:18:44Z" finished-at="2018-04-02T10:18:45Z">
          <reporter-output>
          </reporter-output>
        </test-method> <!-- closeBrowser -->
      </class> <!-- com.hstm.assignment.flux1.testcases.AdminLoginPageTest -->
    </test> <!-- Default test -->
  </suite> <!-- Default suite -->
</testng-results>
