<?xml version="1.0" encoding="UTF-8"?>
<!-- Generated by org.testng.reporters.JUnitXMLReporter -->
<testsuite hostname="D1ML21558" ignored="0" name="Add student" tests="2" failures="0" timestamp="26 Mar 2018 07:00:54 GMT" time="33.296" errors="0">
  <testcase name="addStudentDetailsTest" time="11.977" classname="com.hstm.assignment.flux1.testcases.AddStudentTest"/>
  <testcase name="successfulStdntAddingTest" time="0.066" classname="com.hstm.assignment.flux1.testcases.AddStudentTest"/>
</testsuite> <!-- Add student -->
