<?xml version="1.0" encoding="UTF-8"?>
<testng-results skipped="0" failed="0" ignored="0" total="3" passed="3">
  <reporter-output>
  </reporter-output>
  <suite name="Sanity Testing- Assignment WorkFlow" duration-ms="25226" started-at="2018-04-12T06:41:37Z" finished-at="2018-04-12T06:42:02Z">
    <groups>
    </groups>
    <test name="Login Page" duration-ms="25226" started-at="2018-04-12T06:41:37Z" finished-at="2018-04-12T06:42:02Z">
      <class name="com.hstm.assignment.flux1.testcases.AdminLoginPageTest">
        <test-method status="PASS" signature="initialSetUp()[pri:0, instance:com.hstm.assignment.flux1.testcases.AdminLoginPageTest@50de0926]" name="initialSetUp" is-config="true" duration-ms="18489" started-at="2018-04-12T06:41:37Z" finished-at="2018-04-12T06:41:55Z">
          <reporter-output>
          </reporter-output>
        </test-method> <!-- initialSetUp -->
        <test-method status="PASS" signature="loginPageTitleTest()[pri:1, instance:com.hstm.assignment.flux1.testcases.AdminLoginPageTest@50de0926]" name="loginPageTitleTest" duration-ms="29" started-at="2018-04-12T06:41:55Z" finished-at="2018-04-12T06:41:55Z">
          <reporter-output>
          </reporter-output>
        </test-method> <!-- loginPageTitleTest -->
        <test-method status="PASS" signature="hstmLogoTest()[pri:2, instance:com.hstm.assignment.flux1.testcases.AdminLoginPageTest@50de0926]" name="hstmLogoTest" duration-ms="75" started-at="2018-04-12T06:41:55Z" finished-at="2018-04-12T06:41:55Z">
          <reporter-output>
          </reporter-output>
        </test-method> <!-- hstmLogoTest -->
        <test-method status="PASS" signature="loginTest()[pri:3, instance:com.hstm.assignment.flux1.testcases.AdminLoginPageTest@50de0926]" name="loginTest" duration-ms="5508" started-at="2018-04-12T06:41:55Z" finished-at="2018-04-12T06:42:01Z">
          <reporter-output>
          </reporter-output>
        </test-method> <!-- loginTest -->
        <test-method status="PASS" signature="closeBrowser()[pri:0, instance:com.hstm.assignment.flux1.testcases.AdminLoginPageTest@50de0926]" name="closeBrowser" is-config="true" duration-ms="1086" started-at="2018-04-12T06:42:01Z" finished-at="2018-04-12T06:42:02Z">
          <reporter-output>
          </reporter-output>
        </test-method> <!-- closeBrowser -->
      </class> <!-- com.hstm.assignment.flux1.testcases.AdminLoginPageTest -->
    </test> <!-- Login Page -->
  </suite> <!-- Sanity Testing- Assignment WorkFlow -->
</testng-results>
