<?xml version="1.0" encoding="UTF-8"?>
<testsuite name="TestSuite" time="11.161" tests="3" errors="0" skipped="0" failures="2">
  <properties>
[...]
</properties>
  <testcase name="loginPageTitleTest" classname="com.hstm.assignment.flux1.testcases.AdminLoginPageTest" time="0.048">
    <failure message="Welcome to HealthStream expected:&lt;Welcome to HealthStream&gt; but was:&lt;Actual Title is not matching with expected Title&gt;" type="java.lang.AssertionError"><![CDATA[java.lang.AssertionError: Welcome to HealthStream expected:<Welcome to HealthStream> but was:<Actual Title is not matching with expected Title>
	at org.testng.AssertJUnit.assertEquals(AssertJUnit.java:101)
	at com.hstm.assignment.flux1.testcases.AdminLoginPageTest.loginPageTitleTest(AdminLoginPageTest.java:41)
]]></failure>
    <system-out><![CDATA[03-31-2018 19:04:31 AdminLoginPageTest.java INFO  [main] testcases.AdminLoginPageTest 31 - ********Initializing*******
Before navigating to: 'https://www-flux1.team.healthstream.com/hlc/hstm'
Navigated to:'https://www-flux1.team.healthstream.com/hlc/hstm'
03-31-2018 19:04:42 AdminLoginPageTest.java INFO  [main] testcases.AdminLoginPageTest 39 - ********Test Title_TC#1*******
]]></system-out>
    <system-err><![CDATA[Starting ChromeDriver 2.36.540470 (e522d04694c7ebea4ba8821272dbef4f9b818c91) on port 33269
Only local connections are allowed.
Mar 31, 2018 7:04:34 PM org.openqa.selenium.remote.ProtocolHandshake createSession
INFO: Detected dialect: OSS
]]></system-err>
  </testcase>
  <testcase name="hstmLogoTest" classname="com.hstm.assignment.flux1.testcases.AdminLoginPageTest" time="0.138"/>
  <testcase name="loginTest" classname="com.hstm.assignment.flux1.testcases.AdminLoginPageTest" time="10.975">
    <failure message="Site Map expected:&lt;Site Map&gt; but was:&lt;Title is not Matching!&gt;" type="java.lang.AssertionError"><![CDATA[java.lang.AssertionError: Site Map expected:<Site Map> but was:<Title is not Matching!>
	at org.testng.AssertJUnit.assertEquals(AssertJUnit.java:101)
	at com.hstm.assignment.flux1.testcases.AdminLoginPageTest.loginTest(AdminLoginPageTest.java:56)
]]></failure>
    <system-out><![CDATA[03-31-2018 19:04:42 AdminLoginPageTest.java INFO  [main] testcases.AdminLoginPageTest 53 - ********Login to Home Page_TC#3*******
Trying to find Element By : By.id: ctl00_content_ctrlMobileLogin_txtUserId
Found Element By : By.id: ctl00_content_ctrlMobileLogin_txtUserId
Trying to find Element By : By.id: ctl00_content_ctrlMobileLogin_txtPassword
Found Element By : By.id: ctl00_content_ctrlMobileLogin_txtPassword
Trying to find Element By : By.name: ctl00$content$ctrlMobileLogin$btnMobileLogin
Found Element By : By.name: ctl00$content$ctrlMobileLogin$btnMobileLogin
Trying to click on: [[ChromeDriver: chrome on XP (383b1f5e30ff913f2e10574cac435dee)] -> name: ctl00$content$ctrlMobileLogin$btnMobileLogin]
Clicked on: [[ChromeDriver: chrome on XP (383b1f5e30ff913f2e10574cac435dee)] -> name: ctl00$content$ctrlMobileLogin$btnMobileLogin]
]]></system-out>
  </testcase>
</testsuite>